<?xml version="1.0" encoding="UTF-8"?>
<!-- Generated by org.testng.reporters.JUnitReportReporter -->
<testsuite hostname="DESKTOP-MVNO6IQ" failures="0" tests="1" name="TestCases.Signup" time="16.881" errors="0" timestamp="2023-02-09T15:40:16 IST" skipped="0">
  <testcase classname="TestCases.Signup" name="signup" time="16.881"/>
  <system-out/>
</testsuite> <!-- TestCases.Signup -->
