<?xml version="1.0" encoding="UTF-8"?>
<!-- Generated by org.testng.reporters.JUnitReportReporter -->
<testsuite hostname="DESKTOP-MVNO6IQ" failures="0" tests="2" name="TestCases.VerifyLogin" time="22.649" errors="0" timestamp="2023-02-13T21:25:19 IST" skipped="0">
  <testcase classname="TestCases.VerifyLogin" name="Login" time="8.682"/>
  <system-out/>
  <testcase classname="TestCases.VerifyLogin" name="Login" time="13.967"/>
  <system-out/>
</testsuite> <!-- TestCases.VerifyLogin -->
